Base path: C:/Program Files (x86)/Unity/Editor/Data
Pipe name: \\.\pipe\UnityShaderCompiler-2-10236
Cmd: getPlatforms
Cmd: compileSnippet
  api=1 type=0 insize=4871 outsize=595 kw=DIRECTIONAL SHADOWS_OFF LIGHTMAP_OFF DIRLIGHTMAP_OFF ok=1
Cmd: compileSnippet
  api=1 type=1 insize=4871 outsize=345 kw=DIRECTIONAL SHADOWS_OFF LIGHTMAP_OFF DIRLIGHTMAP_OFF ok=1
Cmd: compileSnippet
  api=8 type=1 insize=4871 outsize=1658 kw=DIRECTIONAL SHADOWS_OFF LIGHTMAP_ON DIRLIGHTMAP_OFF ok=1
Cmd: compileSnippet
  api=1 type=0 insize=2847 outsize=383 kw=POINT ok=1
Cmd: compileSnippet
  api=1 type=0 insize=2847 outsize=253 kw=DIRECTIONAL ok=1
Cmd: compileSnippet
  api=1 type=0 insize=2847 outsize=402 kw=SPOT ok=1
Cmd: compileSnippet
  api=1 type=0 insize=2847 outsize=383 kw=POINT_COOKIE ok=1
Cmd: compileSnippet
  api=4 type=0 insize=2847 outsize=2542 kw=DIRECTIONAL_COOKIE ok=1
Cmd: compileSnippet
  api=1 type=1 insize=2847 outsize=538 kw=POINT ok=1
Cmd: compileSnippet
  api=8 type=1 insize=2847 outsize=2040 kw=DIRECTIONAL ok=1
Cmd: compileSnippet
  api=0 type=1 insize=2847 outsize=734 kw=POINT_COOKIE ok=1
Cmd: compileSnippet
  api=0 type=1 insize=2847 outsize=496 kw=DIRECTIONAL_COOKIE ok=1
Cmd: compileSnippet
  api=1 type=1 insize=2847 outsize=398 kw=DIRECTIONAL_COOKIE ok=1
Cmd: compileSnippet
  api=8 type=1 insize=2847 outsize=2422 kw=DIRECTIONAL_COOKIE ok=1
Cmd: compileSnippet
  api=8 type=0 insize=867 outsize=2381 kw= ok=1
Cmd: compileSnippet
  api=1 type=0 insize=834 outsize=316 kw= ok=1
Cmd: compileSnippet
  api=8 type=0 insize=1135 outsize=2088 kw= ok=1
Cmd: compileSnippet
  api=9 type=0 insize=4871 outsize=3269 kw=DIRECTIONAL SHADOWS_OFF LIGHTMAP_OFF DIRLIGHTMAP_OFF ok=1
Cmd: compileSnippet
  api=5 type=0 insize=4871 outsize=2000 kw=DIRECTIONAL SHADOWS_SCREEN LIGHTMAP_ON DIRLIGHTMAP_OFF ok=1
Cmd: compileSnippet
  api=9 type=0 insize=4871 outsize=4355 kw=DIRECTIONAL SHADOWS_OFF LIGHTMAP_OFF DIRLIGHTMAP_OFF VERTEXLIGHT_ON ok=1
Cmd: compileSnippet
  api=9 type=0 insize=4871 outsize=3859 kw=DIRECTIONAL SHADOWS_SCREEN SHADOWS_NATIVE LIGHTMAP_OFF DIRLIGHTMAP_OFF ok=1
Cmd: compileSnippet
  api=5 type=0 insize=4871 outsize=5017 kw=DIRECTIONAL SHADOWS_SCREEN SHADOWS_NATIVE LIGHTMAP_OFF DIRLIGHTMAP_OFF VERTEXLIGHT_ON ok=1
Cmd: compileSnippet
  api=9 type=1 insize=4871 outsize=7 kw=DIRECTIONAL SHADOWS_OFF LIGHTMAP_OFF DIRLIGHTMAP_OFF ok=1
Cmd: compileSnippet
  api=9 type=1 insize=4871 outsize=7 kw=DIRECTIONAL SHADOWS_SCREEN LIGHTMAP_OFF DIRLIGHTMAP_OFF ok=1
Cmd: compileSnippet
  api=9 type=0 insize=2847 outsize=2612 kw=POINT ok=1
Cmd: compileSnippet
  api=9 type=0 insize=2847 outsize=2846 kw=SPOT ok=1
Cmd: compileSnippet
  api=5 type=0 insize=2847 outsize=2354 kw=DIRECTIONAL_COOKIE ok=1
Cmd: compileSnippet
  api=9 type=1 insize=2847 outsize=7 kw=DIRECTIONAL ok=1
Cmd: compileSnippet
  api=5 type=1 insize=2847 outsize=6 kw=POINT_COOKIE ok=1
Cmd: compileSnippet
  api=9 type=1 insize=867 outsize=7 kw= ok=1
Cmd: compileSnippet
  api=9 type=0 insize=1135 outsize=1197 kw= ok=1
Cmd: compileSnippet
  api=9 type=1 insize=1135 outsize=7 kw= ok=1
Unhandled exception: Readfile from pipe failed. GLE=The pipe has been ended.


Quitting shader compiler process
